<?xml version="1.0" encoding="UTF-8"?>
<robot generator="Robot 5.0.1 (Python 3.10.4 on win32)" generated="20220622 23:44:09.366" rpa="false" schemaversion="3">
<suite id="s1" name="Principal" source="C:\Users\joao_\Documents\RoboTron_Joao_Paulo_Compass\Sprint_5\Aulas_Demetrio\Dia07\principal.robot">
<test id="s1-t1" name="Cenario: POST Criar Produtos 201" line="47">
<kw name="Criar Sessao" library="usuarios_keywords">
<kw name="Create Session" library="RequestsLibrary">
<arg>serverest</arg>
<arg>https://serverest.dev</arg>
<doc>Create Session: create a HTTP session to a server</doc>
<msg timestamp="20220622 23:44:09.488" level="INFO">Creating Session using : alias=serverest, url=https://serverest.dev, headers={},                     cookies={}, auth=None, timeout=None, proxies=None, verify=False,                     debug=0 </msg>
<status status="PASS" starttime="20220622 23:44:09.487" endtime="20220622 23:44:09.488"/>
</kw>
<status status="PASS" starttime="20220622 23:44:09.487" endtime="20220622 23:44:09.488"/>
</kw>
<kw name="POST Endpoint /produtos" library="produtos_keywords">
<kw name="Create Dictionary" library="BuiltIn">
<var>&amp;{header}</var>
<arg>Authorization=${token_auth}</arg>
<doc>Creates and returns a dictionary based on the given ``items``.</doc>
<msg timestamp="20220622 23:44:09.490" level="INFO">&amp;{header} = { Authorization=Bearer eyJhbGciOiJIUzI1NiIsInR5cCI6IkpXVCJ9.eyJlbWFpbCI6ImZ1bGFub0BxYS5jb20iLCJwYXNzd29yZCI6InRlc3RlIiwiaWF0IjoxNjU1OTUyMjI1LCJleHAiOjE2NTU5NTI4MjV9.rB5vau8oEXsa8VG_sl5E5AL9AXv-rwvLgwP...</msg>
<status status="PASS" starttime="20220622 23:44:09.489" endtime="20220622 23:44:09.490"/>
</kw>
<kw name="Create Dictionary" library="BuiltIn">
<var>&amp;{payload}</var>
<arg>nome=computador</arg>
<arg>preco=3500</arg>
<arg>descricao=muito bom</arg>
<arg>quantidade=200</arg>
<doc>Creates and returns a dictionary based on the given ``items``.</doc>
<msg timestamp="20220622 23:44:09.491" level="INFO">&amp;{payload} = { nome=computador | preco=3500 | descricao=muito bom | quantidade=200 }</msg>
<status status="PASS" starttime="20220622 23:44:09.490" endtime="20220622 23:44:09.491"/>
</kw>
<kw name="POST On Session" library="RequestsLibrary">
<var>${response}</var>
<arg>serverest</arg>
<arg>/produtos</arg>
<arg>data=&amp;{payload}</arg>
<arg>headers=${header}</arg>
<doc>Sends a POST request on a previously created HTTP Session.</doc>
<msg timestamp="20220622 23:44:10.227" level="INFO">POST Request : url=https://serverest.dev/produtos 
 path_url=/produtos 
 headers={'User-Agent': 'python-requests/2.28.0', 'Accept-Encoding': 'gzip, deflate', 'Accept': '*/*', 'Connection': 'keep-alive', 'Authorization': 'Bearer eyJhbGciOiJIUzI1NiIsInR5cCI6IkpXVCJ9.eyJlbWFpbCI6ImZ1bGFub0BxYS5jb20iLCJwYXNzd29yZCI6InRlc3RlIiwiaWF0IjoxNjU1OTUyMjI1LCJleHAiOjE2NTU5NTI4MjV9.rB5vau8oEXsa8VG_sl5E5AL9AXv-rwvLgwPFOD1EYH0', 'Content-Length': '61', 'Content-Type': 'application/x-www-form-urlencoded'} 
 body=nome=computador&amp;preco=3500&amp;descricao=muito+bom&amp;quantidade=200 
 </msg>
<msg timestamp="20220622 23:44:10.228" level="INFO">POST Response : url=https://serverest.dev/produtos 
 status=201, reason=Created 
 headers={'access-control-allow-origin': '*', 'x-dns-prefetch-control': 'off', 'x-frame-options': 'SAMEORIGIN', 'strict-transport-security': 'max-age=15552000; includeSubDomains', 'x-download-options': 'noopen', 'x-content-type-options': 'nosniff', 'x-xss-protection': '1; mode=block', 'x-moesif-transaction-id': '22386d76-644a-4e59-aea8-c0afba79c918', 'content-type': 'application/json; charset=utf-8', 'X-Cloud-Trace-Context': 'e17b502f44c102fd344ff8a6b38a07fb;o=1', 'Date': 'Thu, 23 Jun 2022 02:44:08 GMT', 'Server': 'Google Frontend', 'Content-Length': '82'} 
 body={
    "message": "Cadastro realizado com sucesso",
    "_id": "k71mfTFzHJ75U6Xk"
} 
 </msg>
<msg timestamp="20220622 23:44:10.228" level="INFO">C:\Users\joao_\AppData\Local\Programs\Python\Python310\lib\site-packages\urllib3\connectionpool.py:1043: InsecureRequestWarning: Unverified HTTPS request is being made to host 'serverest.dev'. Adding certificate verification is strongly advised. See: https://urllib3.readthedocs.io/en/1.26.x/advanced-usage.html#ssl-warnings
  warnings.warn(</msg>
<msg timestamp="20220622 23:44:10.229" level="INFO">${response} = &lt;Response [201]&gt;</msg>
<status status="PASS" starttime="20220622 23:44:09.491" endtime="20220622 23:44:10.229"/>
</kw>
<kw name="Log To Console" library="BuiltIn">
<arg>Response: ${response.content}</arg>
<doc>Logs the given message to the console.</doc>
<status status="PASS" starttime="20220622 23:44:10.229" endtime="20220622 23:44:10.231"/>
</kw>
<kw name="Set Global Variable" library="BuiltIn">
<arg>${response}</arg>
<doc>Makes a variable available globally in all tests and suites.</doc>
<msg timestamp="20220622 23:44:10.232" level="INFO">${response} = &lt;Response [201]&gt;</msg>
<status status="PASS" starttime="20220622 23:44:10.232" endtime="20220622 23:44:10.233"/>
</kw>
<status status="PASS" starttime="20220622 23:44:09.489" endtime="20220622 23:44:10.233"/>
</kw>
<kw name="Validar Status Code &quot;201&quot;" sourcename="Validar Status Code &quot;${statuscode}&quot;">
<kw name="Should Be True" library="BuiltIn">
<arg>${response.status_code} == ${statuscode}</arg>
<doc>Fails if the given condition is not true.</doc>
<status status="PASS" starttime="20220622 23:44:10.233" endtime="20220622 23:44:10.235"/>
</kw>
<status status="PASS" starttime="20220622 23:44:10.233" endtime="20220622 23:44:10.235"/>
</kw>
<tag>POSTPRODUTO</tag>
<status status="PASS" starttime="20220622 23:44:09.485" endtime="20220622 23:44:10.236"/>
</test>
<doc>Arquivo simples para requisições HTTP</doc>
<status status="PASS" starttime="20220622 23:44:09.369" endtime="20220622 23:44:10.238"/>
</suite>
<statistics>
<total>
<stat pass="1" fail="0" skip="0">All Tests</stat>
</total>
<tag>
<stat pass="1" fail="0" skip="0">POSTPRODUTO</stat>
</tag>
<suite>
<stat pass="1" fail="0" skip="0" id="s1" name="Principal">Principal</stat>
</suite>
</statistics>
<errors>
<msg timestamp="20220622 23:44:09.469" level="ERROR">Error in file 'C:\Users\joao_\Documents\RoboTron_Joao_Paulo_Compass\Sprint_5\Aulas_Demetrio\Dia07\usuarios_keywords.robot' on line 7: Setting variable '' failed: Invalid variable name ''.</msg>
<msg timestamp="20220622 23:44:09.470" level="ERROR">Error in file 'C:\Users\joao_\Documents\RoboTron_Joao_Paulo_Compass\Sprint_5\Aulas_Demetrio\Dia07\usuarios_keywords.robot' on line 8: Setting variable '' failed: Invalid variable name ''.</msg>
<msg timestamp="20220622 23:44:09.472" level="ERROR">Error in file 'C:\Users\joao_\Documents\RoboTron_Joao_Paulo_Compass\Sprint_5\Aulas_Demetrio\Dia07\usuarios_keywords.robot' on line 9: Setting variable '' failed: Invalid variable name ''.</msg>
</errors>
</robot>
